Using pre-set license
Built from '2021.3/staging' branch; Version is '2021.3.8f1 (b30333d56e81) revision 11731763'; Using compiler version '192829333'; Build Type 'Release'
OS: 'Windows 10  (10.0.19044) 64bit Core' Language: 'en' Physical Memory: 16344 MB
BatchMode: 1, IsHumanControllingUs: 0, StartBugReporterOnCrash: 0, Is64bit: 1, IsPro: 1

COMMAND LINE ARGUMENTS:
C:\Program Files\Unity\Hub\Editor\2021.3.8f1\Editor\Unity.exe
-adb2
-batchMode
-noUpm
-name
AssetImportWorker0
-projectPath
E:/Archive/Programming/Unity/UnityProjects/BountyHunter/New Unity Project/Assets/UnityRawInput/UnityRawInput
-logFile
Logs/AssetImportWorker0.log
-srvPort
64085
Successfully changed project path to: E:/Archive/Programming/Unity/UnityProjects/BountyHunter/New Unity Project/Assets/UnityRawInput/UnityRawInput
E:/Archive/Programming/Unity/UnityProjects/BountyHunter/New Unity Project/Assets/UnityRawInput/UnityRawInput
[UnityMemory] Configuration Parameters - Can be set up in boot.config
    "memorysetup-bucket-allocator-granularity=16"
    "memorysetup-bucket-allocator-bucket-count=8"
    "memorysetup-bucket-allocator-block-size=33554432"
    "memorysetup-bucket-allocator-block-count=8"
    "memorysetup-main-allocator-block-size=16777216"
    "memorysetup-thread-allocator-block-size=16777216"
    "memorysetup-gfx-main-allocator-block-size=16777216"
    "memorysetup-gfx-thread-allocator-block-size=16777216"
    "memorysetup-cache-allocator-block-size=4194304"
    "memorysetup-typetree-allocator-block-size=2097152"
    "memorysetup-profiler-bucket-allocator-granularity=16"
    "memorysetup-profiler-bucket-allocator-bucket-count=8"
    "memorysetup-profiler-bucket-allocator-block-size=33554432"
    "memorysetup-profiler-bucket-allocator-block-count=8"
    "memorysetup-profiler-allocator-block-size=16777216"
    "memorysetup-profiler-editor-allocator-block-size=1048576"
    "memorysetup-temp-allocator-size-main=16777216"
    "memorysetup-job-temp-allocator-block-size=2097152"
    "memorysetup-job-temp-allocator-block-size-background=1048576"
    "memorysetup-job-temp-allocator-reduction-small-platforms=262144"
    "memorysetup-temp-allocator-size-background-worker=32768"
    "memorysetup-temp-allocator-size-job-worker=262144"
    "memorysetup-temp-allocator-size-preload-manager=33554432"
    "memorysetup-temp-allocator-size-nav-mesh-worker=65536"
    "memorysetup-temp-allocator-size-audio-worker=65536"
    "memorysetup-temp-allocator-size-cloud-worker=32768"
    "memorysetup-temp-allocator-size-gi-baking-worker=262144"
    "memorysetup-temp-allocator-size-gfx=262144"
Unable to join player connection multicast group.
Unable to join player connection alternative multicast group.
Refreshing native plugins compatible for Editor in 9.32 ms, found 0 plugins.
Preloading 0 native plugins for Editor in 0.00 ms.
Initialize engine version: 2021.3.8f1 (b30333d56e81)
[Subsystems] Discovering subsystems at path C:/Program Files/Unity/Hub/Editor/2021.3.8f1/Editor/Data/Resources/UnitySubsystems
[Subsystems] Discovering subsystems at path E:/Archive/Programming/Unity/UnityProjects/BountyHunter/New Unity Project/Assets/UnityRawInput/UnityRawInput/Assets
GfxDevice: creating device client; threaded=0; jobified=0
Direct3D:
    Version:  Direct3D 11.0 [level 11.1]
    Renderer: NVIDIA GeForce GTX 950 (ID=0x1402)
    Vendor:   NVIDIA
    VRAM:     2007 MB
    Driver:   31.0.15.1694
Initialize mono
Mono path[0] = 'C:/Program Files/Unity/Hub/Editor/2021.3.8f1/Editor/Data/Managed'
Mono path[1] = 'C:/Program Files/Unity/Hub/Editor/2021.3.8f1/Editor/Data/MonoBleedingEdge/lib/mono/unityjit-win32'
Mono config path = 'C:/Program Files/Unity/Hub/Editor/2021.3.8f1/Editor/Data/MonoBleedingEdge/etc'
Using monoOptions --debugger-agent=transport=dt_socket,embedding=1,server=y,suspend=n,address=127.0.0.1:56288
Begin MonoManager ReloadAssembly
Registering precompiled unity dll's ...
Register platform support module: C:/Program Files/Unity/Hub/Editor/2021.3.8f1/Editor/Data/PlaybackEngines/AndroidPlayer/UnityEditor.Android.Extensions.dll
Register platform support module: C:/Program Files/Unity/Hub/Editor/2021.3.8f1/Editor/Data/PlaybackEngines/WindowsStandaloneSupport/UnityEditor.WindowsStandalone.Extensions.dll
Registered in 0.009439 seconds.
Native extension for WindowsStandalone target not found
Native extension for Android target not found
Refreshing native plugins compatible for Editor in 7.45 ms, found 0 plugins.
Preloading 0 native plugins for Editor in 0.00 ms.
Mono: successfully reloaded assembly
- Completed reload, in  0.903 seconds
Domain Reload Profiling:
	ReloadAssembly (907ms)
		BeginReloadAssembly (101ms)
			ExecutionOrderSort (0ms)
			DisableScriptedObjects (0ms)
			BackupInstance (0ms)
			ReleaseScriptingObjects (0ms)
			CreateAndSetChildDomain (1ms)
		EndReloadAssembly (632ms)
			LoadAssemblies (103ms)
			RebuildTransferFunctionScriptingTraits (0ms)
			SetupTypeCache (186ms)
			ReleaseScriptCaches (0ms)
			RebuildScriptCaches (48ms)
			SetupLoadedEditorAssemblies (321ms)
				LogAssemblyErrors (0ms)
				InitializePlatformSupportModulesInManaged (88ms)
				SetLoadedEditorAssemblies (0ms)
				RefreshPlugins (8ms)
				BeforeProcessingInitializeOnLoad (2ms)
				ProcessInitializeOnLoadAttributes (158ms)
				ProcessInitializeOnLoadMethodAttributes (65ms)
				AfterProcessingInitializeOnLoad (0ms)
				EditorAssembliesLoaded (0ms)
			ExecutionOrderSort2 (0ms)
			AwakeInstancesAfterBackupRestoration (0ms)
Platform modules already initialized, skipping
Registering precompiled user dll's ...
Registered in 0.000946 seconds.
Begin MonoManager ReloadAssembly
Native extension for WindowsStandalone target not found
Native extension for Android target not found
Refreshing native plugins compatible for Editor in 0.10 ms, found 0 plugins.
Preloading 0 native plugins for Editor in 0.00 ms.
Mono: successfully reloaded assembly
- Completed reload, in  1.194 seconds
Domain Reload Profiling:
	ReloadAssembly (1196ms)
		BeginReloadAssembly (276ms)
			ExecutionOrderSort (0ms)
			DisableScriptedObjects (9ms)
			BackupInstance (0ms)
			ReleaseScriptingObjects (0ms)
			CreateAndSetChildDomain (138ms)
		EndReloadAssembly (762ms)
			LoadAssemblies (99ms)
			RebuildTransferFunctionScriptingTraits (0ms)
			SetupTypeCache (262ms)
			ReleaseScriptCaches (0ms)
			RebuildScriptCaches (46ms)
			SetupLoadedEditorAssemblies (302ms)
				LogAssemblyErrors (0ms)
				InitializePlatformSupportModulesInManaged (27ms)
				SetLoadedEditorAssemblies (1ms)
				RefreshPlugins (0ms)
				BeforeProcessingInitializeOnLoad (41ms)
				ProcessInitializeOnLoadAttributes (191ms)
				ProcessInitializeOnLoadMethodAttributes (32ms)
				AfterProcessingInitializeOnLoad (11ms)
				EditorAssembliesLoaded (0ms)
			ExecutionOrderSort2 (0ms)
			AwakeInstancesAfterBackupRestoration (11ms)
Platform modules already initialized, skipping
========================================================================
Worker process is ready to serve import requests
Launched and connected shader compiler UnityShaderCompiler.exe after 0.07 seconds
Refreshing native plugins compatible for Editor in 0.10 ms, found 0 plugins.
Preloading 0 native plugins for Editor in 0.00 ms.
Unloading 370 Unused Serialized files (Serialized files now loaded: 0)
Unloading 9 unused Assets / (55.2 KB). Loaded Objects now: 847.
Memory consumption went from 31.8 MB to 31.7 MB.
Total: 5.407300 ms (FindLiveObjects: 0.135300 ms CreateObjectMapping: 0.050600 ms MarkObjects: 5.143000 ms  DeleteObjects: 0.076800 ms)

AssetImportParameters requested are different than current active one (requested -> active):
  custom:video-decoder-ogg-theora: a1e56fd34408186e4bbccfd4996cb3dc -> 
  custom:container-muxer-webm: aa71ff27fc2769a1b78a27578f13a17b -> 
  custom:container-demuxer-webm: 4f35f7cbe854078d1ac9338744f61a02 -> 
  custom:video-encoder-webm-vp8: eb34c28f22e8b96e1ab97ce403110664 -> 
  custom:video-codec-MediaFoundation-h265: 746d11721c4dcdbdad8f713fa42b33f4 -> 
  custom:audio-encoder-webm-vorbis: bf7c407c2cedff20999df2af8eb42d56 -> 
  custom:framework-win-MediaFoundation: 216162199b28c13a410421893ffa2e32 -> 
  custom:container-demuxer-ogg: 62fdf1f143b41e24485cea50d1cbac27 -> 
  custom:video-decoder-webm-vp8: 9c59270c3fd7afecdb556c50c9e8de78 -> 
  custom:audio-decoder-ogg-vorbis: bf7c407c2cedff20999df2af8eb42d56 -> 
========================================================================
Received Import Request.
  Time since last request: 10467.866060 seconds.
  path: Assets/UnityRawInput
  artifactKey: Guid(77eb3867a70f18d4bbc81604fc89d555) Importer(815301076,1909f56bfc062723c751e8b465ee728b)
Start importing Assets/UnityRawInput using Guid(77eb3867a70f18d4bbc81604fc89d555) Importer(815301076,1909f56bfc062723c751e8b465ee728b)  -> (artifact id: '885dcc00a8c1fbc96876d0a3e494ce40') in 0.017045 seconds 
========================================================================
Received Import Request.
  Time since last request: 0.982041 seconds.
  path: Assets/UnityRawInput/Runtime/RawClicks.txt
  artifactKey: Guid(8467579ae0ddd5f4496793ba443812f8) Importer(815301076,1909f56bfc062723c751e8b465ee728b)
Start importing Assets/UnityRawInput/Runtime/RawClicks.txt using Guid(8467579ae0ddd5f4496793ba443812f8) Importer(815301076,1909f56bfc062723c751e8b465ee728b)  -> (artifact id: '83996e558ca2505672a8eee718e875f3') in 0.066566 seconds 
========================================================================
Received Import Request.
  Time since last request: 8.024780 seconds.
  path: Assets/UnityRawInput/Runtime/RawClicks.cs
  artifactKey: Guid(81437142fefac7e4e8bcc3eeca848147) Importer(815301076,1909f56bfc062723c751e8b465ee728b)
Start importing Assets/UnityRawInput/Runtime/RawClicks.cs using Guid(81437142fefac7e4e8bcc3eeca848147) Importer(815301076,1909f56bfc062723c751e8b465ee728b)  -> (artifact id: 'e2a9bfdf54188a7be91be9ab89c708e5') in 0.007499 seconds 
========================================================================
Received Prepare
Registering precompiled user dll's ...
Registered in 0.000541 seconds.
Begin MonoManager ReloadAssembly
Native extension for WindowsStandalone target not found
Native extension for Android target not found
Refreshing native plugins compatible for Editor in 0.14 ms, found 0 plugins.
Preloading 0 native plugins for Editor in 0.00 ms.
Mono: successfully reloaded assembly
- Completed reload, in  1.029 seconds
Domain Reload Profiling:
	ReloadAssembly (1030ms)
		BeginReloadAssembly (170ms)
			ExecutionOrderSort (0ms)
			DisableScriptedObjects (8ms)
			BackupInstance (0ms)
			ReleaseScriptingObjects (0ms)
			CreateAndSetChildDomain (39ms)
		EndReloadAssembly (691ms)
			LoadAssemblies (96ms)
			RebuildTransferFunctionScriptingTraits (0ms)
			SetupTypeCache (189ms)
			ReleaseScriptCaches (1ms)
			RebuildScriptCaches (54ms)
			SetupLoadedEditorAssemblies (290ms)
				LogAssemblyErrors (0ms)
				InitializePlatformSupportModulesInManaged (30ms)
				SetLoadedEditorAssemblies (1ms)
				RefreshPlugins (0ms)
				BeforeProcessingInitializeOnLoad (43ms)
				ProcessInitializeOnLoadAttributes (176ms)
				ProcessInitializeOnLoadMethodAttributes (26ms)
				AfterProcessingInitializeOnLoad (13ms)
				EditorAssembliesLoaded (0ms)
			ExecutionOrderSort2 (0ms)
			AwakeInstancesAfterBackupRestoration (12ms)
Platform modules already initialized, skipping
Refreshing native plugins compatible for Editor in 0.28 ms, found 0 plugins.
Preloading 0 native plugins for Editor in 0.00 ms.
Unloading 364 Unused Serialized files (Serialized files now loaded: 0)
Unloading 3 unused Assets / (24.6 KB). Loaded Objects now: 850.
Memory consumption went from 31.6 MB to 31.6 MB.
Total: 3.941200 ms (FindLiveObjects: 0.179200 ms CreateObjectMapping: 0.038400 ms MarkObjects: 3.697400 ms  DeleteObjects: 0.024600 ms)

AssetImportParameters requested are different than current active one (requested -> active):
  custom:video-decoder-ogg-theora: a1e56fd34408186e4bbccfd4996cb3dc -> 
  custom:container-muxer-webm: aa71ff27fc2769a1b78a27578f13a17b -> 
  custom:container-demuxer-webm: 4f35f7cbe854078d1ac9338744f61a02 -> 
  custom:video-encoder-webm-vp8: eb34c28f22e8b96e1ab97ce403110664 -> 
  custom:video-codec-MediaFoundation-h265: 746d11721c4dcdbdad8f713fa42b33f4 -> 
  custom:audio-encoder-webm-vorbis: bf7c407c2cedff20999df2af8eb42d56 -> 
  custom:framework-win-MediaFoundation: 216162199b28c13a410421893ffa2e32 -> 
  custom:container-demuxer-ogg: 62fdf1f143b41e24485cea50d1cbac27 -> 
  custom:video-decoder-webm-vp8: 9c59270c3fd7afecdb556c50c9e8de78 -> 
  custom:audio-decoder-ogg-vorbis: bf7c407c2cedff20999df2af8eb42d56 -> 
========================================================================
Received Prepare
Registering precompiled user dll's ...
Registered in 0.000699 seconds.
Begin MonoManager ReloadAssembly
Native extension for WindowsStandalone target not found
Native extension for Android target not found
Refreshing native plugins compatible for Editor in 0.08 ms, found 0 plugins.
Preloading 0 native plugins for Editor in 0.00 ms.
Mono: successfully reloaded assembly
- Completed reload, in  1.000 seconds
Domain Reload Profiling:
	ReloadAssembly (1001ms)
		BeginReloadAssembly (170ms)
			ExecutionOrderSort (0ms)
			DisableScriptedObjects (7ms)
			BackupInstance (0ms)
			ReleaseScriptingObjects (0ms)
			CreateAndSetChildDomain (36ms)
		EndReloadAssembly (679ms)
			LoadAssemblies (99ms)
			RebuildTransferFunctionScriptingTraits (0ms)
			SetupTypeCache (185ms)
			ReleaseScriptCaches (0ms)
			RebuildScriptCaches (56ms)
			SetupLoadedEditorAssemblies (286ms)
				LogAssemblyErrors (0ms)
				InitializePlatformSupportModulesInManaged (36ms)
				SetLoadedEditorAssemblies (1ms)
				RefreshPlugins (0ms)
				BeforeProcessingInitializeOnLoad (43ms)
				ProcessInitializeOnLoadAttributes (166ms)
				ProcessInitializeOnLoadMethodAttributes (30ms)
				AfterProcessingInitializeOnLoad (9ms)
				EditorAssembliesLoaded (0ms)
			ExecutionOrderSort2 (0ms)
			AwakeInstancesAfterBackupRestoration (19ms)
Platform modules already initialized, skipping
Refreshing native plugins compatible for Editor in 0.30 ms, found 0 plugins.
Preloading 0 native plugins for Editor in 0.00 ms.
Unloading 365 Unused Serialized files (Serialized files now loaded: 0)
Unloading 2 unused Assets / (24.6 KB). Loaded Objects now: 854.
Memory consumption went from 31.6 MB to 31.6 MB.
Total: 3.851400 ms (FindLiveObjects: 0.083700 ms CreateObjectMapping: 0.030700 ms MarkObjects: 3.709400 ms  DeleteObjects: 0.026200 ms)

AssetImportParameters requested are different than current active one (requested -> active):
  custom:video-decoder-ogg-theora: a1e56fd34408186e4bbccfd4996cb3dc -> 
  custom:container-muxer-webm: aa71ff27fc2769a1b78a27578f13a17b -> 
  custom:container-demuxer-webm: 4f35f7cbe854078d1ac9338744f61a02 -> 
  custom:video-encoder-webm-vp8: eb34c28f22e8b96e1ab97ce403110664 -> 
  custom:video-codec-MediaFoundation-h265: 746d11721c4dcdbdad8f713fa42b33f4 -> 
  custom:audio-encoder-webm-vorbis: bf7c407c2cedff20999df2af8eb42d56 -> 
  custom:framework-win-MediaFoundation: 216162199b28c13a410421893ffa2e32 -> 
  custom:container-demuxer-ogg: 62fdf1f143b41e24485cea50d1cbac27 -> 
  custom:video-decoder-webm-vp8: 9c59270c3fd7afecdb556c50c9e8de78 -> 
  custom:audio-decoder-ogg-vorbis: bf7c407c2cedff20999df2af8eb42d56 -> 
========================================================================
Received Import Request.
  Time since last request: 36.484655 seconds.
  path: Assets/UnityRawInput/Runtime/RawKey.cs
  artifactKey: Guid(ab5effb69bfa2354eb9847a0d456506f) Importer(815301076,1909f56bfc062723c751e8b465ee728b)
Start importing Assets/UnityRawInput/Runtime/RawKey.cs using Guid(ab5effb69bfa2354eb9847a0d456506f) Importer(815301076,1909f56bfc062723c751e8b465ee728b)  -> (artifact id: 'b7519b0e03ca6137844a383e6d40e96c') in 0.010101 seconds 
========================================================================
Received Import Request.
  Time since last request: 0.238398 seconds.
  path: Assets/UnityRawInput/Runtime/RawKeyInput.cs
  artifactKey: Guid(fcd8f9c4d4f787c41a6773c51eb03b56) Importer(815301076,1909f56bfc062723c751e8b465ee728b)
Start importing Assets/UnityRawInput/Runtime/RawKeyInput.cs using Guid(fcd8f9c4d4f787c41a6773c51eb03b56) Importer(815301076,1909f56bfc062723c751e8b465ee728b)  -> (artifact id: '43b6a66cdf4b8092832785a42aeba75a') in 0.008809 seconds 
========================================================================
Received Import Request.
  Time since last request: 1.509577 seconds.
  path: Assets/UnityRawInput/Runtime/RawMouseButtons.cs
  artifactKey: Guid(b32fb2c20b8b8a84e8b559e693121e29) Importer(815301076,1909f56bfc062723c751e8b465ee728b)
Start importing Assets/UnityRawInput/Runtime/RawMouseButtons.cs using Guid(b32fb2c20b8b8a84e8b559e693121e29) Importer(815301076,1909f56bfc062723c751e8b465ee728b)  -> (artifact id: 'd079ed4e28dec809bca76eefd11b7e51') in 0.008576 seconds 
========================================================================
Received Import Request.
  Time since last request: 3.382072 seconds.
  path: Assets/UnityRawInput/Runtime/RawKeyState.cs
  artifactKey: Guid(74ecfe7350096da4685262398c54a17b) Importer(815301076,1909f56bfc062723c751e8b465ee728b)
Start importing Assets/UnityRawInput/Runtime/RawKeyState.cs using Guid(74ecfe7350096da4685262398c54a17b) Importer(815301076,1909f56bfc062723c751e8b465ee728b)  -> (artifact id: '38010a84eadd1dc836686af1f1717575') in 0.008201 seconds 
========================================================================
Received Import Request.
  Time since last request: 77.860321 seconds.
  path: Assets/UnityRawInput/Runtime/RawMouseButtons.cs
  artifactKey: Guid(b32fb2c20b8b8a84e8b559e693121e29) Importer(815301076,1909f56bfc062723c751e8b465ee728b)
Start importing Assets/UnityRawInput/Runtime/RawMouseButtons.cs using Guid(b32fb2c20b8b8a84e8b559e693121e29) Importer(815301076,1909f56bfc062723c751e8b465ee728b)  -> (artifact id: '05e9d716149edc89995bd755339265d0') in 0.002692 seconds 
========================================================================
Received Import Request.
  Time since last request: 1.535626 seconds.
  path: Assets/UnityRawInput/Runtime/RawClicks.cs
  artifactKey: Guid(81437142fefac7e4e8bcc3eeca848147) Importer(815301076,1909f56bfc062723c751e8b465ee728b)
Start importing Assets/UnityRawInput/Runtime/RawClicks.cs using Guid(81437142fefac7e4e8bcc3eeca848147) Importer(815301076,1909f56bfc062723c751e8b465ee728b)  -> (artifact id: 'e8ae6ddee2a1d63b38f0d5138a838473') in 0.007367 seconds 
========================================================================
Received Import Request.
  Time since last request: 240.814636 seconds.
  path: Assets/UnityRawInput/Runtime/RawClicks.cs
  artifactKey: Guid(81437142fefac7e4e8bcc3eeca848147) Importer(815301076,1909f56bfc062723c751e8b465ee728b)
Start importing Assets/UnityRawInput/Runtime/RawClicks.cs using Guid(81437142fefac7e4e8bcc3eeca848147) Importer(815301076,1909f56bfc062723c751e8b465ee728b)  -> (artifact id: '98acc126bb3e3f0f7d60c858dac28371') in 0.003410 seconds 
========================================================================
Received Import Request.
  Time since last request: 0.043061 seconds.
  path: Assets/UnityRawInput/Runtime/RawMouseButtons.cs
  artifactKey: Guid(b32fb2c20b8b8a84e8b559e693121e29) Importer(815301076,1909f56bfc062723c751e8b465ee728b)
Start importing Assets/UnityRawInput/Runtime/RawMouseButtons.cs using Guid(b32fb2c20b8b8a84e8b559e693121e29) Importer(815301076,1909f56bfc062723c751e8b465ee728b)  -> (artifact id: '3d572915dde511a336f3971c3e3ad928') in 0.003221 seconds 
========================================================================
Received Import Request.
  Time since last request: 320.883832 seconds.
  path: Assets
  artifactKey: Guid(00000000000000001000000000000000) Importer(815301076,1909f56bfc062723c751e8b465ee728b)
Start importing Assets using Guid(00000000000000001000000000000000) Importer(815301076,1909f56bfc062723c751e8b465ee728b)  -> (artifact id: '79842766b460edbeab6a34051e857a80') in 0.007587 seconds 
========================================================================
Received Import Request.
  Time since last request: 4.645702 seconds.
  path: Assets/InputManager.cs
  artifactKey: Guid(616d426fe67aeae42ab2c15b04562aaf) Importer(815301076,1909f56bfc062723c751e8b465ee728b)
Start importing Assets/InputManager.cs using Guid(616d426fe67aeae42ab2c15b04562aaf) Importer(815301076,1909f56bfc062723c751e8b465ee728b)  -> (artifact id: '89886cba54004aeba3fef52406b9fcd3') in 0.009436 seconds 
========================================================================
Received Import Request.
  Time since last request: 26.233995 seconds.
  path: Assets/Scripts
  artifactKey: Guid(cae0cd9c29b15004d83986e2b4f15100) Importer(815301076,1909f56bfc062723c751e8b465ee728b)
Start importing Assets/Scripts using Guid(cae0cd9c29b15004d83986e2b4f15100) Importer(815301076,1909f56bfc062723c751e8b465ee728b)  -> (artifact id: '00627138c810a4c31ba9f30af197320c') in 0.008392 seconds 
========================================================================
Received Prepare
Registering precompiled user dll's ...
Registered in 0.000521 seconds.
Begin MonoManager ReloadAssembly
Native extension for WindowsStandalone target not found
Native extension for Android target not found
Refreshing native plugins compatible for Editor in 0.09 ms, found 0 plugins.
Preloading 0 native plugins for Editor in 0.00 ms.
Mono: successfully reloaded assembly
- Completed reload, in  0.969 seconds
Domain Reload Profiling:
	ReloadAssembly (970ms)
		BeginReloadAssembly (178ms)
			ExecutionOrderSort (0ms)
			DisableScriptedObjects (12ms)
			BackupInstance (0ms)
			ReleaseScriptingObjects (0ms)
			CreateAndSetChildDomain (29ms)
		EndReloadAssembly (653ms)
			LoadAssemblies (111ms)
			RebuildTransferFunctionScriptingTraits (0ms)
			SetupTypeCache (172ms)
			ReleaseScriptCaches (1ms)
			RebuildScriptCaches (45ms)
			SetupLoadedEditorAssemblies (283ms)
				LogAssemblyErrors (0ms)
				InitializePlatformSupportModulesInManaged (31ms)
				SetLoadedEditorAssemblies (1ms)
				RefreshPlugins (0ms)
				BeforeProcessingInitializeOnLoad (40ms)
				ProcessInitializeOnLoadAttributes (173ms)
				ProcessInitializeOnLoadMethodAttributes (30ms)
				AfterProcessingInitializeOnLoad (9ms)
				EditorAssembliesLoaded (0ms)
			ExecutionOrderSort2 (0ms)
			AwakeInstancesAfterBackupRestoration (10ms)
Platform modules already initialized, skipping
Refreshing native plugins compatible for Editor in 0.37 ms, found 0 plugins.
Preloading 0 native plugins for Editor in 0.00 ms.
Unloading 365 Unused Serialized files (Serialized files now loaded: 0)
Unloading 2 unused Assets / (24.6 KB). Loaded Objects now: 857.
Memory consumption went from 31.6 MB to 31.6 MB.
Total: 6.156200 ms (FindLiveObjects: 0.080900 ms CreateObjectMapping: 0.025600 ms MarkObjects: 5.809500 ms  DeleteObjects: 0.237500 ms)

AssetImportParameters requested are different than current active one (requested -> active):
  custom:video-decoder-ogg-theora: a1e56fd34408186e4bbccfd4996cb3dc -> 
  custom:container-muxer-webm: aa71ff27fc2769a1b78a27578f13a17b -> 
  custom:container-demuxer-webm: 4f35f7cbe854078d1ac9338744f61a02 -> 
  custom:video-encoder-webm-vp8: eb34c28f22e8b96e1ab97ce403110664 -> 
  custom:video-codec-MediaFoundation-h265: 746d11721c4dcdbdad8f713fa42b33f4 -> 
  custom:audio-encoder-webm-vorbis: bf7c407c2cedff20999df2af8eb42d56 -> 
  custom:framework-win-MediaFoundation: 216162199b28c13a410421893ffa2e32 -> 
  custom:container-demuxer-ogg: 62fdf1f143b41e24485cea50d1cbac27 -> 
  custom:video-decoder-webm-vp8: 9c59270c3fd7afecdb556c50c9e8de78 -> 
  custom:audio-decoder-ogg-vorbis: bf7c407c2cedff20999df2af8eb42d56 -> 
